mode: set
github.com/kyma-incubator/knative-kafka/components/dispatcher/internal/client/client.go:41.116,43.2 1 0
github.com/kyma-incubator/knative-kafka/components/dispatcher/internal/client/client.go:45.53,48.49 2 1
github.com/kyma-incubator/knative-kafka/components/dispatcher/internal/client/client.go:54.2,59.16 3 1
github.com/kyma-incubator/knative-kafka/components/dispatcher/internal/client/client.go:63.2,63.12 1 1
github.com/kyma-incubator/knative-kafka/components/dispatcher/internal/client/client.go:48.49,50.3 1 1
github.com/kyma-incubator/knative-kafka/components/dispatcher/internal/client/client.go:50.8,52.3 1 0
github.com/kyma-incubator/knative-kafka/components/dispatcher/internal/client/client.go:59.16,62.3 2 1
github.com/kyma-incubator/knative-kafka/components/dispatcher/internal/client/client.go:66.128,67.66 1 1
github.com/kyma-incubator/knative-kafka/components/dispatcher/internal/client/client.go:100.2,100.12 1 1
github.com/kyma-incubator/knative-kafka/components/dispatcher/internal/client/client.go:67.66,71.17 2 1
github.com/kyma-incubator/knative-kafka/components/dispatcher/internal/client/client.go:77.3,77.22 1 1
github.com/kyma-incubator/knative-kafka/components/dispatcher/internal/client/client.go:98.3,98.13 1 1
github.com/kyma-incubator/knative-kafka/components/dispatcher/internal/client/client.go:71.17,74.4 2 0
github.com/kyma-incubator/knative-kafka/components/dispatcher/internal/client/client.go:77.22,79.17 1 1
github.com/kyma-incubator/knative-kafka/components/dispatcher/internal/client/client.go:86.4,89.18 3 1
github.com/kyma-incubator/knative-kafka/components/dispatcher/internal/client/client.go:79.17,83.5 1 1
github.com/kyma-incubator/knative-kafka/components/dispatcher/internal/client/client.go:89.18,91.5 1 1
github.com/kyma-incubator/knative-kafka/components/dispatcher/internal/client/client.go:93.9,96.4 2 0
github.com/kyma-incubator/knative-kafka/components/dispatcher/internal/client/client.go:103.69,104.26 1 1
github.com/kyma-incubator/knative-kafka/components/dispatcher/internal/client/client.go:104.26,106.17 2 1
github.com/kyma-incubator/knative-kafka/components/dispatcher/internal/client/client.go:106.17,108.4 1 0
github.com/kyma-incubator/knative-kafka/components/dispatcher/internal/client/client.go:112.69,113.92 1 1
github.com/kyma-incubator/knative-kafka/components/dispatcher/internal/client/client.go:121.2,121.12 1 1
github.com/kyma-incubator/knative-kafka/components/dispatcher/internal/client/client.go:113.92,116.3 2 1
github.com/kyma-incubator/knative-kafka/components/dispatcher/internal/client/client.go:116.8,116.38 1 1
github.com/kyma-incubator/knative-kafka/components/dispatcher/internal/client/client.go:116.38,118.3 1 1
github.com/kyma-incubator/knative-kafka/components/dispatcher/internal/client/client.go:118.8,120.3 1 1
github.com/kyma-incubator/knative-kafka/components/dispatcher/internal/client/client.go:126.53,128.2 1 1
github.com/kyma-incubator/knative-kafka/components/dispatcher/internal/dispatcher/dispatcher.go:38.67,50.2 2 1
github.com/kyma-incubator/knative-kafka/components/dispatcher/internal/dispatcher/dispatcher.go:53.39,56.56 1 1
github.com/kyma-incubator/knative-kafka/components/dispatcher/internal/dispatcher/dispatcher.go:56.56,60.17 2 1
github.com/kyma-incubator/knative-kafka/components/dispatcher/internal/dispatcher/dispatcher.go:65.3,65.46 1 1
github.com/kyma-incubator/knative-kafka/components/dispatcher/internal/dispatcher/dispatcher.go:60.17,62.4 1 0
github.com/kyma-incubator/knative-kafka/components/dispatcher/internal/dispatcher/dispatcher.go:70.38,71.39 1 1
github.com/kyma-incubator/knative-kafka/components/dispatcher/internal/dispatcher/dispatcher.go:71.39,73.17 2 1
github.com/kyma-incubator/knative-kafka/components/dispatcher/internal/dispatcher/dispatcher.go:73.17,75.4 1 0
github.com/kyma-incubator/knative-kafka/components/dispatcher/internal/dispatcher/dispatcher.go:80.105,85.16 3 1
github.com/kyma-incubator/knative-kafka/components/dispatcher/internal/dispatcher/dispatcher.go:91.2,92.16 2 1
github.com/kyma-incubator/knative-kafka/components/dispatcher/internal/dispatcher/dispatcher.go:98.2,101.22 2 1
github.com/kyma-incubator/knative-kafka/components/dispatcher/internal/dispatcher/dispatcher.go:85.16,88.3 2 0
github.com/kyma-incubator/knative-kafka/components/dispatcher/internal/dispatcher/dispatcher.go:92.16,95.3 2 0
github.com/kyma-incubator/knative-kafka/components/dispatcher/internal/dispatcher/dispatcher.go:105.113,115.6 4 1
github.com/kyma-incubator/knative-kafka/components/dispatcher/internal/dispatcher/dispatcher.go:115.6,120.19 2 1
github.com/kyma-incubator/knative-kafka/components/dispatcher/internal/dispatcher/dispatcher.go:133.3,133.28 1 1
github.com/kyma-incubator/knative-kafka/components/dispatcher/internal/dispatcher/dispatcher.go:120.19,124.123 2 1
github.com/kyma-incubator/knative-kafka/components/dispatcher/internal/dispatcher/dispatcher.go:129.4,129.12 1 1
github.com/kyma-incubator/knative-kafka/components/dispatcher/internal/dispatcher/dispatcher.go:124.123,126.5 1 1
github.com/kyma-incubator/knative-kafka/components/dispatcher/internal/dispatcher/dispatcher.go:135.23,150.111 5 1
github.com/kyma-incubator/knative-kafka/components/dispatcher/internal/dispatcher/dispatcher.go:154.20,155.53 1 1
github.com/kyma-incubator/knative-kafka/components/dispatcher/internal/dispatcher/dispatcher.go:157.11,158.92 1 1
github.com/kyma-incubator/knative-kafka/components/dispatcher/internal/dispatcher/dispatcher.go:150.111,152.5 1 0
github.com/kyma-incubator/knative-kafka/components/dispatcher/internal/dispatcher/dispatcher.go:164.122,169.2 3 1
github.com/kyma-incubator/knative-kafka/components/dispatcher/internal/dispatcher/dispatcher.go:172.111,174.16 2 1
github.com/kyma-incubator/knative-kafka/components/dispatcher/internal/dispatcher/dispatcher.go:186.2,186.33 1 1
github.com/kyma-incubator/knative-kafka/components/dispatcher/internal/dispatcher/dispatcher.go:174.16,176.52 1 0
github.com/kyma-incubator/knative-kafka/components/dispatcher/internal/dispatcher/dispatcher.go:176.52,178.4 1 0
github.com/kyma-incubator/knative-kafka/components/dispatcher/internal/dispatcher/dispatcher.go:179.8,182.40 3 1
github.com/kyma-incubator/knative-kafka/components/dispatcher/internal/dispatcher/dispatcher.go:182.40,184.4 1 0
