mode: set
github.com/kyma-incubator/knative-kafka/components/channel/internal/channel/channel.go:39.55,50.16 3 1
github.com/kyma-incubator/knative-kafka/components/channel/internal/channel/channel.go:55.2,59.16 3 1
github.com/kyma-incubator/knative-kafka/components/channel/internal/channel/channel.go:50.16,52.3 1 0
github.com/kyma-incubator/knative-kafka/components/channel/internal/channel/channel.go:67.74,78.16 4 1
github.com/kyma-incubator/knative-kafka/components/channel/internal/channel/channel.go:84.2,84.9 1 1
github.com/kyma-incubator/knative-kafka/components/channel/internal/channel/channel.go:78.16,81.3 2 0
github.com/kyma-incubator/knative-kafka/components/channel/internal/channel/channel.go:85.38,88.27 2 1
github.com/kyma-incubator/knative-kafka/components/channel/internal/channel/channel.go:89.23,91.37 2 1
github.com/kyma-incubator/knative-kafka/components/channel/internal/channel/channel.go:99.4,99.33 1 1
github.com/kyma-incubator/knative-kafka/components/channel/internal/channel/channel.go:100.20,102.45 2 0
github.com/kyma-incubator/knative-kafka/components/channel/internal/channel/channel.go:103.11,105.48 2 0
github.com/kyma-incubator/knative-kafka/components/channel/internal/channel/channel.go:91.37,93.5 1 1
github.com/kyma-incubator/knative-kafka/components/channel/internal/channel/channel.go:93.10,98.5 1 1
github.com/kyma-incubator/knative-kafka/components/channel/internal/channel/channel.go:111.27,124.2 6 1
github.com/kyma-incubator/knative-kafka/components/channel/internal/channel/channel.go:129.47,130.12 1 1
github.com/kyma-incubator/knative-kafka/components/channel/internal/channel/channel.go:130.12,131.7 1 1
github.com/kyma-incubator/knative-kafka/components/channel/internal/channel/channel.go:131.7,132.11 1 1
github.com/kyma-incubator/knative-kafka/components/channel/internal/channel/channel.go:133.38,134.29 1 0
github.com/kyma-incubator/knative-kafka/components/channel/internal/channel/channel.go:143.22,145.11 2 1
github.com/kyma-incubator/knative-kafka/components/channel/internal/channel/channel.go:135.25,136.88 1 0
github.com/kyma-incubator/knative-kafka/components/channel/internal/channel/channel.go:137.22,138.53 1 0
github.com/kyma-incubator/knative-kafka/components/channel/internal/channel/channel.go:139.13,140.74 1 0
github.com/kyma-incubator/knative-kafka/components/channel/internal/channel/channel.go:152.92,164.27 2 1
github.com/kyma-incubator/knative-kafka/components/channel/internal/channel/channel.go:169.2,169.24 1 1
github.com/kyma-incubator/knative-kafka/components/channel/internal/channel/channel.go:164.27,166.3 1 1
